<?xml version="1.0" encoding="UTF-8"?>
<!-- Generated by org.testng.reporters.JUnitReportReporter -->
<testsuite hostname="L41992WUS" failures="0" tests="1" name="com.webdriver.session.TestSessionWithCookiesRunner" time="12.921" errors="0" timestamp="31 Jan 2021 19:45:08 GMT" skipped="0">
  <testcase classname="com.webdriver.session.TestSessionWithCookiesRunner" name="runScenario" time="12.921"/>
</testsuite> <!-- com.webdriver.session.TestSessionWithCookiesRunner -->
