<?xml version="1.0" encoding="UTF-8"?>
<!-- Generated by org.testng.reporters.JUnitReportReporter -->
<testsuite hostname="L41992WUS" failures="0" tests="1" name="com.webdriver.session.SessionRunner" time="35.427" errors="0" timestamp="20 Feb 2021 19:54:44 GMT" skipped="0">
  <testcase classname="com.webdriver.session.SessionRunner" name="runScenario" time="35.427"/>
</testsuite> <!-- com.webdriver.session.SessionRunner -->
