<?xml version="1.0" encoding="UTF-8"?>
<!-- Generated by org.testng.reporters.JUnitReportReporter -->
<testsuite hostname="L41992WUS" failures="0" tests="1" name="com.webdriver.session.SessionWithCookiesRunner" time="62.008" errors="0" timestamp="21 Feb 2021 04:50:14 GMT" skipped="0">
  <testcase classname="com.webdriver.session.SessionWithCookiesRunner" name="runScenario" time="62.008"/>
</testsuite> <!-- com.webdriver.session.SessionWithCookiesRunner -->
